{"level":"info","message":"⌛ Building environment","timeElapsed":212,"timestamp":"2025-05-07T23:24:27.678Z"}
{"level":"info","message":"⌛ Building environment","timeElapsed":168,"timestamp":"2025-05-07T23:24:27.851Z"}
{"level":"info","message":"⌛ Validating elAlambiqueViajero.wlk","timeElapsed":236,"timestamp":"2025-05-07T23:24:28.339Z"}
{"level":"info","message":"⌛ Building environment","timeElapsed":126,"timestamp":"2025-05-07T23:24:28.466Z"}
{"level":"info","message":"⌛ Building environment","timeElapsed":129,"timestamp":"2025-05-07T23:24:28.615Z"}
{"level":"info","message":"⌛ Validating elAlambiqueViajero.wlk","timeElapsed":245,"timestamp":"2025-05-07T23:24:29.533Z"}
{"level":"info","message":"⌛ Validating testElAlambiqueViajero.wtest","timeElapsed":256,"timestamp":"2025-05-07T23:24:29.790Z"}
{"level":"info","message":"⌛ Building environment","timeElapsed":151,"timestamp":"2025-05-07T23:25:06.165Z"}
{"level":"info","message":"⌛ Validating elAlambiqueViajero.wlk","timeElapsed":257,"timestamp":"2025-05-07T23:25:06.436Z"}
{"level":"info","message":"⌛ Building environment","timeElapsed":146,"timestamp":"2025-05-07T23:32:32.440Z"}
{"level":"error","message":"✘ Completions for node Send ([105:35, 105:45] - elAlambiqueViajero.wlk) failed: Error: [Send]{d5d5e0} at elAlambiqueViajero.wlk:105 exhausted all cases without a match [Send]{d5d5e0} at elAlambiqueViajero.wlk:105 exhausted all cases without a match","stack":"Error: [Send]{d5d5e0} at elAlambiqueViajero.wlk:105 exhausted all cases without a match\n    at c:\\Users\\Santi\\.vscode\\extensions\\uqbar.wollok-lsp-ide-0.5.1\\out\\server\\src\\server.js:38:6142\n    at C2 (c:\\Users\\Santi\\.vscode\\extensions\\uqbar.wollok-lsp-ide-0.5.1\\out\\server\\src\\server.js:2362:42)\n    at Gh (c:\\Users\\Santi\\.vscode\\extensions\\uqbar.wollok-lsp-ide-0.5.1\\out\\server\\src\\server.js:2362:1092)\n    at a8n (c:\\Users\\Santi\\.vscode\\extensions\\uqbar.wollok-lsp-ide-0.5.1\\out\\server\\src\\server.js:2362:1248)\n    at c:\\Users\\Santi\\.vscode\\extensions\\uqbar.wollok-lsp-ide-0.5.1\\out\\server\\src\\server.js:38:6131\n    at C2 (c:\\Users\\Santi\\.vscode\\extensions\\uqbar.wollok-lsp-ide-0.5.1\\out\\server\\src\\server.js:2362:42)\n    at c:\\Users\\Santi\\.vscode\\extensions\\uqbar.wollok-lsp-ide-0.5.1\\out\\server\\src\\server.js:2362:2988\n    at c:\\Users\\Santi\\.vscode\\extensions\\uqbar.wollok-lsp-ide-0.5.1\\out\\server\\src\\server.js:2371:8412\n    at c:\\Users\\Santi\\.vscode\\extensions\\uqbar.wollok-lsp-ide-0.5.1\\out\\server\\src\\server.js:37:74872\n    at Ye (c:\\Users\\Santi\\.vscode\\extensions\\uqbar.wollok-lsp-ide-0.5.1\\out\\server\\src\\server.js:7:8527)","timestamp":"2025-05-07T23:32:32.485Z"}
{"level":"error","message":"✘ Completions for node Send ([105:31, 105:45] - elAlambiqueViajero.wlk) failed: Error: [Send]{8e1286} at elAlambiqueViajero.wlk:105 exhausted all cases without a match [Send]{8e1286} at elAlambiqueViajero.wlk:105 exhausted all cases without a match","stack":"Error: [Send]{8e1286} at elAlambiqueViajero.wlk:105 exhausted all cases without a match\n    at c:\\Users\\Santi\\.vscode\\extensions\\uqbar.wollok-lsp-ide-0.5.1\\out\\server\\src\\server.js:38:6142\n    at C2 (c:\\Users\\Santi\\.vscode\\extensions\\uqbar.wollok-lsp-ide-0.5.1\\out\\server\\src\\server.js:2362:42)\n    at Gh (c:\\Users\\Santi\\.vscode\\extensions\\uqbar.wollok-lsp-ide-0.5.1\\out\\server\\src\\server.js:2362:1092)\n    at C2 (c:\\Users\\Santi\\.vscode\\extensions\\uqbar.wollok-lsp-ide-0.5.1\\out\\server\\src\\server.js:2362:544)\n    at Gh (c:\\Users\\Santi\\.vscode\\extensions\\uqbar.wollok-lsp-ide-0.5.1\\out\\server\\src\\server.js:2362:1092)\n    at a8n (c:\\Users\\Santi\\.vscode\\extensions\\uqbar.wollok-lsp-ide-0.5.1\\out\\server\\src\\server.js:2362:1248)\n    at c:\\Users\\Santi\\.vscode\\extensions\\uqbar.wollok-lsp-ide-0.5.1\\out\\server\\src\\server.js:38:6131\n    at C2 (c:\\Users\\Santi\\.vscode\\extensions\\uqbar.wollok-lsp-ide-0.5.1\\out\\server\\src\\server.js:2362:42)\n    at c:\\Users\\Santi\\.vscode\\extensions\\uqbar.wollok-lsp-ide-0.5.1\\out\\server\\src\\server.js:2362:2988\n    at c:\\Users\\Santi\\.vscode\\extensions\\uqbar.wollok-lsp-ide-0.5.1\\out\\server\\src\\server.js:2371:8412","timestamp":"2025-05-07T23:32:32.486Z"}
{"level":"error","message":"✘ Completions for node Return (undefined - elAlambiqueViajero.wlk) failed: Error: [Return]{d33f25} at elAlambiqueViajero.wlk:-- exhausted all cases without a match [Return]{d33f25} at elAlambiqueViajero.wlk:-- exhausted all cases without a match","stack":"Error: [Return]{d33f25} at elAlambiqueViajero.wlk:-- exhausted all cases without a match\n    at c:\\Users\\Santi\\.vscode\\extensions\\uqbar.wollok-lsp-ide-0.5.1\\out\\server\\src\\server.js:38:6142\n    at C2 (c:\\Users\\Santi\\.vscode\\extensions\\uqbar.wollok-lsp-ide-0.5.1\\out\\server\\src\\server.js:2362:42)\n    at Gh (c:\\Users\\Santi\\.vscode\\extensions\\uqbar.wollok-lsp-ide-0.5.1\\out\\server\\src\\server.js:2362:1092)\n    at C2 (c:\\Users\\Santi\\.vscode\\extensions\\uqbar.wollok-lsp-ide-0.5.1\\out\\server\\src\\server.js:2362:544)\n    at Gh (c:\\Users\\Santi\\.vscode\\extensions\\uqbar.wollok-lsp-ide-0.5.1\\out\\server\\src\\server.js:2362:1092)\n    at C2 (c:\\Users\\Santi\\.vscode\\extensions\\uqbar.wollok-lsp-ide-0.5.1\\out\\server\\src\\server.js:2362:544)\n    at Gh (c:\\Users\\Santi\\.vscode\\extensions\\uqbar.wollok-lsp-ide-0.5.1\\out\\server\\src\\server.js:2362:1092)\n    at a8n (c:\\Users\\Santi\\.vscode\\extensions\\uqbar.wollok-lsp-ide-0.5.1\\out\\server\\src\\server.js:2362:1248)\n    at c:\\Users\\Santi\\.vscode\\extensions\\uqbar.wollok-lsp-ide-0.5.1\\out\\server\\src\\server.js:38:6131\n    at C2 (c:\\Users\\Santi\\.vscode\\extensions\\uqbar.wollok-lsp-ide-0.5.1\\out\\server\\src\\server.js:2362:42)","timestamp":"2025-05-07T23:32:32.486Z"}
{"level":"info","message":"⌛ Building environment","timeElapsed":114,"timestamp":"2025-05-07T23:32:32.604Z"}
{"level":"info","message":"⌛ Building environment","timeElapsed":242,"timestamp":"2025-05-07T23:32:32.851Z"}
{"level":"info","message":"⌛ Validating elAlambiqueViajero.wlk","timeElapsed":158,"timestamp":"2025-05-07T23:32:33.011Z"}
{"level":"info","message":"⌛ Building environment","timeElapsed":121,"timestamp":"2025-05-07T23:32:33.132Z"}
{"level":"info","message":"⌛ Validating elAlambiqueViajero.wlk","timeElapsed":179,"timestamp":"2025-05-07T23:32:33.312Z"}
{"level":"info","message":"⌛ Validating elAlambiqueViajero.wlk","timeElapsed":137,"timestamp":"2025-05-07T23:32:33.451Z"}
{"level":"info","message":"⌛ Validating elAlambiqueViajero.wlk","timeElapsed":130,"timestamp":"2025-05-07T23:32:33.592Z"}
{"level":"info","message":"⌛ Building environment","timeElapsed":129,"timestamp":"2025-05-07T23:35:15.157Z"}
{"level":"info","message":"⌛ Validating elAlambiqueViajero.wlk","timeElapsed":290,"timestamp":"2025-05-07T23:35:15.449Z"}
{"level":"info","message":"⌛ Building environment","timeElapsed":115,"timestamp":"2025-05-07T23:35:16.400Z"}
{"level":"info","message":"⌛ Validating elAlambiqueViajero.wlk","timeElapsed":123,"timestamp":"2025-05-07T23:35:16.525Z"}
{"level":"info","message":"⌛ Building environment","timeElapsed":383,"timestamp":"2025-05-10T21:05:54.747Z"}
{"level":"info","message":"⌛ Building environment","timeElapsed":202,"timestamp":"2025-05-10T21:05:54.960Z"}
{"level":"info","message":"⌛ Building environment","timeElapsed":182,"timestamp":"2025-05-10T21:05:55.146Z"}
{"level":"info","message":"⌛ Validating elAlambiqueViajero.wlk","timeElapsed":206,"timestamp":"2025-05-10T21:05:55.353Z"}
{"level":"info","message":"⌛ Building environment","timeElapsed":169,"timestamp":"2025-05-10T21:05:55.523Z"}
{"level":"info","message":"⌛ Validating testElAlambiqueViajero.wtest","timeElapsed":151,"timestamp":"2025-05-10T21:05:55.694Z"}
{"level":"info","message":"⌛ Validating elAlambiqueViajero.wlk","timeElapsed":126,"timestamp":"2025-05-10T21:05:55.821Z"}
